CRITICAL - 2023-07-02 02:37:19 --> include_once(/opt/lampp/htdocs/eventos/app/Controllers/Home.php): Failed to open stream: Permissão negada
in SYSTEMPATH/Autoloader/Autoloader.php on line 312.
 1 SYSTEMPATH/Autoloader/Autoloader.php(312): CodeIgniter\Debug\Exceptions->errorHandler(2, 'include_once(/opt/lampp/htdocs/eventos/app/Controllers/Home.php): Failed to open stream: Permissão negada', '/opt/lampp/htdocs/eventos/system/Autoloader/Autoloader.php', 312)
 2 SYSTEMPATH/Autoloader/Autoloader.php(312): include_once()
 3 SYSTEMPATH/Autoloader/Autoloader.php(289): CodeIgniter\Autoloader\Autoloader->includeFile('/opt/lampp/htdocs/eventos/app/Controllers/Home.php')
 4 SYSTEMPATH/Autoloader/Autoloader.php(267): CodeIgniter\Autoloader\Autoloader->loadInNamespace('App\\Controllers\\Home')
 5 [internal function]: CodeIgniter\Autoloader\Autoloader->loadClass('App\\Controllers\\Home')
 6 SYSTEMPATH/CodeIgniter.php(890): class_exists('\\App\\Controllers\\Home', true)
 7 SYSTEMPATH/CodeIgniter.php(484): CodeIgniter\CodeIgniter->startController()
 8 SYSTEMPATH/CodeIgniter.php(366): CodeIgniter\CodeIgniter->handleRequest(null, Object(Config\Cache), false)
 9 FCPATH/index.php(67): CodeIgniter\CodeIgniter->run()
CRITICAL - 2023-07-02 02:39:19 --> require(/opt/lampp/htdocs/eventos/app/Config/Routes.php): Failed to open stream: Permissão negada
in SYSTEMPATH/Router/RouteCollection.php on line 267.
 1 SYSTEMPATH/Router/RouteCollection.php(267): CodeIgniter\Debug\Exceptions->errorHandler(2, 'require(/opt/lampp/htdocs/eventos/app/Config/Routes.php): Failed to open stream: Permissão negada', '/opt/lampp/htdocs/eventos/system/Router/RouteCollection.php', 267)
 2 SYSTEMPATH/Router/RouteCollection.php(267): require()
 3 SYSTEMPATH/CodeIgniter.php(800): CodeIgniter\Router\RouteCollection->loadRoutes()
 4 SYSTEMPATH/CodeIgniter.php(447): CodeIgniter\CodeIgniter->tryToRouteIt(null)
 5 SYSTEMPATH/CodeIgniter.php(366): CodeIgniter\CodeIgniter->handleRequest(null, Object(Config\Cache), false)
 6 FCPATH/index.php(67): CodeIgniter\CodeIgniter->run()
CRITICAL - 2023-07-02 02:41:12 --> require(/opt/lampp/htdocs/eventos/app/Config/Routes.php): Failed to open stream: Permissão negada
in SYSTEMPATH/Router/RouteCollection.php on line 267.
 1 SYSTEMPATH/Router/RouteCollection.php(267): CodeIgniter\Debug\Exceptions->errorHandler(2, 'require(/opt/lampp/htdocs/eventos/app/Config/Routes.php): Failed to open stream: Permissão negada', '/opt/lampp/htdocs/eventos/system/Router/RouteCollection.php', 267)
 2 SYSTEMPATH/Router/RouteCollection.php(267): require()
 3 SYSTEMPATH/CodeIgniter.php(800): CodeIgniter\Router\RouteCollection->loadRoutes()
 4 SYSTEMPATH/CodeIgniter.php(447): CodeIgniter\CodeIgniter->tryToRouteIt(null)
 5 SYSTEMPATH/CodeIgniter.php(366): CodeIgniter\CodeIgniter->handleRequest(null, Object(Config\Cache), false)
 6 FCPATH/index.php(67): CodeIgniter\CodeIgniter->run()
ERROR - 2023-07-02 03:15:12 --> mysqli_sql_exception: Table 'eventos.users' doesn't exist in /opt/lampp/htdocs/eventos/system/Database/MySQLi/Connection.php:295
Stack trace:
#0 /opt/lampp/htdocs/eventos/system/Database/MySQLi/Connection.php(295): mysqli->query('SELECT *\nFROM `...', 0)
#1 /opt/lampp/htdocs/eventos/system/Database/BaseConnection.php(692): CodeIgniter\Database\MySQLi\Connection->execute('SELECT *\nFROM `...')
#2 /opt/lampp/htdocs/eventos/system/Database/BaseConnection.php(606): CodeIgniter\Database\BaseConnection->simpleQuery('SELECT *\nFROM `...')
#3 /opt/lampp/htdocs/eventos/system/Database/BaseBuilder.php(1616): CodeIgniter\Database\BaseConnection->query('SELECT *\nFROM `...', Array, false)
#4 /opt/lampp/htdocs/eventos/system/Model.php(268): CodeIgniter\Database\BaseBuilder->get()
#5 /opt/lampp/htdocs/eventos/system/BaseModel.php(656): CodeIgniter\Model->doFirst()
#6 /opt/lampp/htdocs/eventos/app/Controllers/Auth.php(19): CodeIgniter\BaseModel->first()
#7 /opt/lampp/htdocs/eventos/system/CodeIgniter.php(932): App\Controllers\Auth->login()
#8 /opt/lampp/htdocs/eventos/system/CodeIgniter.php(497): CodeIgniter\CodeIgniter->runController(Object(App\Controllers\Auth))
#9 /opt/lampp/htdocs/eventos/system/CodeIgniter.php(366): CodeIgniter\CodeIgniter->handleRequest(NULL, Object(Config\Cache), false)
#10 /opt/lampp/htdocs/eventos/public/index.php(67): CodeIgniter\CodeIgniter->run()
#11 {main}
CRITICAL - 2023-07-02 03:15:12 --> Table 'eventos.users' doesn't exist
in SYSTEMPATH/Database/MySQLi/Connection.php on line 295.
 1 SYSTEMPATH/Database/MySQLi/Connection.php(295): mysqli->query('SELECT *
FROM `users`
WHERE `email` = \'teste@teste.com\'
AND `senha` = \'123123\'
 LIMIT 1', 0)
 2 SYSTEMPATH/Database/BaseConnection.php(692): CodeIgniter\Database\MySQLi\Connection->execute('SELECT *
FROM `users`
WHERE `email` = \'teste@teste.com\'
AND `senha` = \'123123\'
 LIMIT 1')
 3 SYSTEMPATH/Database/BaseConnection.php(606): CodeIgniter\Database\BaseConnection->simpleQuery('SELECT *
FROM `users`
WHERE `email` = \'teste@teste.com\'
AND `senha` = \'123123\'
 LIMIT 1')
 4 SYSTEMPATH/Database/BaseBuilder.php(1616): CodeIgniter\Database\BaseConnection->query('SELECT *
FROM `users`
WHERE `email` = :email:
AND `senha` = :senha:
 LIMIT 1', [...], false)
 5 SYSTEMPATH/Model.php(268): CodeIgniter\Database\BaseBuilder->get()
 6 SYSTEMPATH/BaseModel.php(656): CodeIgniter\Model->doFirst()
 7 APPPATH/Controllers/Auth.php(19): CodeIgniter\BaseModel->first()
 8 SYSTEMPATH/CodeIgniter.php(932): App\Controllers\Auth->login()
 9 SYSTEMPATH/CodeIgniter.php(497): CodeIgniter\CodeIgniter->runController(Object(App\Controllers\Auth))
10 SYSTEMPATH/CodeIgniter.php(366): CodeIgniter\CodeIgniter->handleRequest(null, Object(Config\Cache), false)
11 FCPATH/index.php(67): CodeIgniter\CodeIgniter->run()
INFO - 2023-07-02 03:21:32 --> Session: Class initialized using 'CodeIgniter\Session\Handlers\FileHandler' driver.
CRITICAL - 2023-07-02 03:21:32 --> "authGuard" filter must have a matching alias defined.
in SYSTEMPATH/Filters/Filters.php on line 340.
 1 SYSTEMPATH/Filters/Filters.php(340): CodeIgniter\Filters\Exceptions\FilterException::forNoAlias('authGuard')
 2 SYSTEMPATH/CodeIgniter.php(464): CodeIgniter\Filters\Filters->enableFilter('authGuard', 'before')
 3 SYSTEMPATH/CodeIgniter.php(366): CodeIgniter\CodeIgniter->handleRequest(null, Object(Config\Cache), false)
 4 FCPATH/index.php(67): CodeIgniter\CodeIgniter->run()
INFO - 2023-07-02 03:31:01 --> Session: Class initialized using 'CodeIgniter\Session\Handlers\FileHandler' driver.
INFO - 2023-07-02 03:31:01 --> Session: Class initialized using 'CodeIgniter\Session\Handlers\FileHandler' driver.
INFO - 2023-07-02 03:31:06 --> Session: Class initialized using 'CodeIgniter\Session\Handlers\FileHandler' driver.
